Removed Pin From Net: NetName=SIGNALAPAREIL5-2 Pin=Op5-4
Removed Pin From Net: NetName=SIGNALAPAREIL5-1 Pin=Op5-5
Removed Pin From Net: NetName=SIGNALAPAREIL6-2 Pin=Op6-4
Removed Pin From Net: NetName=SIGNALAPAREIL6-1 Pin=Op6-5
Removed Pin From Net: NetName=SIGNALAPAREIL7-2 Pin=Op7-4
Removed Pin From Net: NetName=SIGNALAPAREIL7-1 Pin=Op7-5
Removed Pin From Net: NetName=SIGNALAPAREIL8-2 Pin=Op8-4
Removed Pin From Net: NetName=SIGNALAPAREIL8-1 Pin=Op8-5
Removed Pin From Net: NetName=SIGNALAPAREIL9-2 Pin=Op9-4
Removed Pin From Net: NetName=SIGNALAPAREIL9-1 Pin=Op9-5
Removed Pin From Net: NetName=NetOp5_1 Pin=R8-2
Removed Pin From Net: NetName=NetOp6_1 Pin=R9-2
Removed Pin From Net: NetName=NetOp7_1 Pin=R10-2
Removed Pin From Net: NetName=NetOp8_1 Pin=R11-2
Removed Pin From Net: NetName=NetOp9_1 Pin=R12-2
Added Pin To Net: NetName=SIGNALAPAREIL6-2 Pin=Op5-4
Added Pin To Net: NetName=SIGNALAPAREIL6-1 Pin=Op5-5
Added Pin To Net: NetName=SIGNALAPAREIL7-2 Pin=Op6-4
Added Pin To Net: NetName=SIGNALAPAREIL7-1 Pin=Op6-5
Added Pin To Net: NetName=SIGNALAPAREIL8-2 Pin=Op7-4
Added Pin To Net: NetName=SIGNALAPAREIL8-1 Pin=Op7-5
Added Pin To Net: NetName=SIGNALAPAREIL9-2 Pin=Op8-4
Added Pin To Net: NetName=SIGNALAPAREIL9-1 Pin=Op8-5
Added Pin To Net: NetName=SIGNALAPAREIL5-2 Pin=Op9-4
Added Pin To Net: NetName=SIGNALAPAREIL5-1 Pin=Op9-5
Added Pin To Net: NetName=NetOp9_1 Pin=R8-2
Added Pin To Net: NetName=NetOp5_1 Pin=R9-2
Added Pin To Net: NetName=NetOp6_1 Pin=R10-2
Added Pin To Net: NetName=NetOp7_1 Pin=R11-2
Added Pin To Net: NetName=NetOp8_1 Pin=R12-2
Added Room: Name=boitier_commande
