Removed Pin From Net: NetName=GND Pin=Battery-1
Removed Pin From Net: NetName=NetAlim_0 Pin=D?-1
Removed Pin From Net: NetName=V3.3 Pin=ESP32-14
Removed Pin From Net: NetName=V3.3 Pin=LCD-1
Removed Pin From Net: NetName=GND Pin=LCD-2
Removed Pin From Net: NetName=SDA Pin=LCD-3
Removed Pin From Net: NetName=SCL Pin=LCD-4
Removed Member From Class: ClassName=boitier_commande Member=Battery
Removed Member From Class: ClassName=boitier_commande Member=D?
Added Component: Designator=C1(1206)
Added Component: Designator=C?(0402)
Added Pin To Net: NetName=GND Pin=C?-1
Added Pin To Net: NetName=VCC Pin=ESP32-14
Added Pin To Net: NetName=V3.3 Pin=ESP32-15
Added Pin To Net: NetName=GND Pin=LCD-1
Added Pin To Net: NetName=V3.3 Pin=LCD-2
Added Pin To Net: NetName=SCL Pin=LCD-3
Added Pin To Net: NetName=SDA Pin=LCD-4
Added Pin To Net: NetName=NetAlim_0 Pin=SW alim-1
Added Pin To Net: NetName=NetC1_1 Pin=C1-1
Added Pin To Net: NetName=NetC1_1 Pin=Reset-2
Added Net: Name=NetC1_1
Added Pin To Net: NetName=NetC1_2 Pin=C1-2
Added Pin To Net: NetName=NetC1_2 Pin=Reset-4
Added Net: Name=NetC1_2
Added Member To Class: ClassName=boitier_commande Member=Component C1 CAP
Added Member To Class: ClassName=boitier_commande Member=Component C? CAP
Added Room: Name=boitier_commande
