Added Component: Designator=Op1(4N26)
Added Component: Designator=Op2(4N26)
Added Component: Designator=Op3(4N26)
Added Component: Designator=Op4(4N26)
Added Component: Designator=Op5(4N26)
Added Component: Designator=Op6(4N26)
Added Component: Designator=Op7(4N26)
Added Component: Designator=Op8(4N26)
Added Component: Designator=Op9(4N26)
Added Pin To Net: NetName=NetOp1_1 Pin=Op1-1
Added Pin To Net: NetName=GND Pin=Op1-2
Added Pin To Net: NetName=SIGNALAPAREIL1-2 Pin=Op1-4
Added Pin To Net: NetName=SIGNALAPAREIL1-1 Pin=Op1-5
Added Pin To Net: NetName=NetOp2_1 Pin=Op2-1
Added Pin To Net: NetName=GND Pin=Op2-2
Added Pin To Net: NetName=SIGNALAPAREIL2-2 Pin=Op2-4
Added Pin To Net: NetName=SIGNALAPAREIL2-1 Pin=Op2-5
Added Pin To Net: NetName=NetOp3_1 Pin=Op3-1
Added Pin To Net: NetName=GND Pin=Op3-2
Added Pin To Net: NetName=SIGNALAPAREIL3-2 Pin=Op3-4
Added Pin To Net: NetName=SIGNALAPAREIL3-1 Pin=Op3-5
Added Pin To Net: NetName=NetOp4_1 Pin=Op4-1
Added Pin To Net: NetName=GND Pin=Op4-2
Added Pin To Net: NetName=SIGNALAPAREIL4-2 Pin=Op4-4
Added Pin To Net: NetName=SIGNALAPAREIL4-1 Pin=Op4-5
Added Pin To Net: NetName=NetOp5_1 Pin=Op5-1
Added Pin To Net: NetName=GND Pin=Op5-2
Added Pin To Net: NetName=SIGNALAPAREIL5-2 Pin=Op5-4
Added Pin To Net: NetName=SIGNALAPAREIL5-1 Pin=Op5-5
Added Pin To Net: NetName=NetOp6_1 Pin=Op6-1
Added Pin To Net: NetName=GND Pin=Op6-2
Added Pin To Net: NetName=SIGNALAPAREIL6-2 Pin=Op6-4
Added Pin To Net: NetName=SIGNALAPAREIL6-1 Pin=Op6-5
Added Pin To Net: NetName=NetOp7_1 Pin=Op7-1
Added Pin To Net: NetName=GND Pin=Op7-2
Added Pin To Net: NetName=SIGNALAPAREIL7-2 Pin=Op7-4
Added Pin To Net: NetName=SIGNALAPAREIL7-1 Pin=Op7-5
Added Pin To Net: NetName=NetOp8_1 Pin=Op8-1
Added Pin To Net: NetName=GND Pin=Op8-2
Added Pin To Net: NetName=SIGNALAPAREIL8-2 Pin=Op8-4
Added Pin To Net: NetName=SIGNALAPAREIL8-1 Pin=Op8-5
Added Pin To Net: NetName=NetOp9_1 Pin=Op9-1
Added Pin To Net: NetName=GND Pin=Op9-2
Added Pin To Net: NetName=SIGNALAPAREIL9-2 Pin=Op9-4
Added Pin To Net: NetName=SIGNALAPAREIL9-1 Pin=Op9-5
Added Member To Class: ClassName=boitier_commande Member=Component Op1 Optocoupler
Added Member To Class: ClassName=boitier_commande Member=Component Op2 Optocoupler
Added Member To Class: ClassName=boitier_commande Member=Component Op3 Optocoupler
Added Member To Class: ClassName=boitier_commande Member=Component Op4 Optocoupler
Added Member To Class: ClassName=boitier_commande Member=Component Op5 Optocoupler
Added Member To Class: ClassName=boitier_commande Member=Component Op6 Optocoupler
Added Member To Class: ClassName=boitier_commande Member=Component Op7 Optocoupler
Added Member To Class: ClassName=boitier_commande Member=Component Op8 Optocoupler
Added Member To Class: ClassName=boitier_commande Member=Component Op9 Optocoupler
Added Room: Name=boitier_commande
