Added Component: Designator=Op6(4N26)
Added Component: Designator=Op7(4N26)
Added Component: Designator=Op8(4N26)
Added Component: Designator=Op9(4N26)
Added Component: Designator=R8(0805)
Added Component: Designator=R9(0805)
Added Component: Designator=R10(0805)
Added Component: Designator=R11(0805)
Added Component: Designator=R12(0805)
Added Pin To Net: NetName=NetOp6_1 Pin=Op6-1
Added Pin To Net: NetName=GND Pin=Op6-2
Added Pin To Net: NetName=SIGNALAPAREIL7-2 Pin=Op6-4
Added Pin To Net: NetName=SIGNALAPAREIL7-1 Pin=Op6-5
Added Pin To Net: NetName=NetOp7_1 Pin=Op7-1
Added Pin To Net: NetName=GND Pin=Op7-2
Added Pin To Net: NetName=SIGNALAPAREIL8-2 Pin=Op7-4
Added Pin To Net: NetName=SIGNALAPAREIL8-1 Pin=Op7-5
Added Pin To Net: NetName=NetOp8_1 Pin=Op8-1
Added Pin To Net: NetName=GND Pin=Op8-2
Added Pin To Net: NetName=SIGNALAPAREIL9-2 Pin=Op8-4
Added Pin To Net: NetName=SIGNALAPAREIL9-1 Pin=Op8-5
Added Pin To Net: NetName=NetOp9_1 Pin=Op9-1
Added Pin To Net: NetName=GND Pin=Op9-2
Added Pin To Net: NetName=SIGNALAPAREIL5-2 Pin=Op9-4
Added Pin To Net: NetName=SIGNALAPAREIL5-1 Pin=Op9-5
Added Pin To Net: NetName=CAMERA6 Pin=R8-1
Added Pin To Net: NetName=NetOp5_1 Pin=R8-2
Added Pin To Net: NetName=CAMERA7 Pin=R9-1
Added Pin To Net: NetName=NetOp6_1 Pin=R9-2
Added Pin To Net: NetName=CAMERA8 Pin=R10-1
Added Pin To Net: NetName=NetOp7_1 Pin=R10-2
Added Pin To Net: NetName=CAMERA9 Pin=R11-1
Added Pin To Net: NetName=NetOp8_1 Pin=R11-2
Added Pin To Net: NetName=CAMERA5 Pin=R12-1
Added Pin To Net: NetName=NetOp9_1 Pin=R12-2
Added Member To Class: ClassName=boitier_commande Member=Component Op6 Optocoupler
Added Member To Class: ClassName=boitier_commande Member=Component Op7 Optocoupler
Added Member To Class: ClassName=boitier_commande Member=Component Op8 Optocoupler
Added Member To Class: ClassName=boitier_commande Member=Component Op9 Optocoupler
Added Member To Class: ClassName=boitier_commande Member=Component R8 RES
Added Member To Class: ClassName=boitier_commande Member=Component R9 RES
Added Member To Class: ClassName=boitier_commande Member=Component R10 RES
Added Member To Class: ClassName=boitier_commande Member=Component R11 RES
Added Member To Class: ClassName=boitier_commande Member=Component R12 RES
Added Room: Name=boitier_commande
