Removed Pin From Net: NetName=GND Pin=LED1-K
Removed Pin From Net: NetName=NetAbaisseurTension_1 Pin=R2-1
Removed Pin From Net: NetName=GND Pin=Reset-2
Removed Member From Class: ClassName=ProjetMoteur Member=LED0
Removed Member From Class: ClassName=ProjetMoteur Member=LED1
Removed Member From Class: ClassName=ProjetMoteur Member=Reset
Change Component Footprint: Designator=R1 Old Footprint=0805 New Footprint=AXIAL0.3
Change Component Footprint: Designator=R2 Old Footprint=0805 New Footprint=AXIAL0.3
Added Component: Designator=C3(RAD0.1)
Added Component: Designator=LD1(LED3)
Added Component: Designator=LD2(LED3)
Added Component: Designator=P1(HDR1X2)
Added Component: Designator=P?(HDR1X2)
Added Component: Designator=R3(AXIAL0.3)
Added Pin To Net: NetName=GND Pin=C3-2
Added Pin To Net: NetName=GND Pin=LD2-K
Added Pin To Net: NetName=GND Pin=P?-2
Added Pin To Net: NetName=NetAbaisseurTension_1 Pin=R1-1
Added Pin To Net: NetName=NetAbaisseurTension_3 Pin=AbaisseurTension-3
Added Pin To Net: NetName=NetAbaisseurTension_3 Pin=DRIVER-16
Added Pin To Net: NetName=NetAbaisseurTension_3 Pin=P1-2
Added Net: Name=NetAbaisseurTension_3
Added Pin To Net: NetName=NetC3_1 Pin=C3-1
Added Pin To Net: NetName=NetC3_1 Pin=P?-1
Added Pin To Net: NetName=NetC3_1 Pin=R3-1
Added Pin To Net: NetName=NetC3_1 Pin=U?-29
Added Net: Name=NetC3_1
Added Pin To Net: NetName=NetLD1_A Pin=LD1-A
Added Pin To Net: NetName=NetLD1_A Pin=R1-2
Added Net: Name=NetLD1_A
Added Pin To Net: NetName=NetLD1_K Pin=LD1-K
Added Pin To Net: NetName=NetLD1_K Pin=U?-13
Added Net: Name=NetLD1_K
Added Pin To Net: NetName=NetLD2_A Pin=LD2-A
Added Pin To Net: NetName=NetLD2_A Pin=R2-2
Added Net: Name=NetLD2_A
Added Pin To Net: NetName=NetR2_1 Pin=R2-1
Added Pin To Net: NetName=NetR2_1 Pin=U?-17
Added Net: Name=NetR2_1
Added Pin To Net: NetName=VCC Pin=R3-2
Added Net: Name=VCC
Added Member To Class: ClassName=ProjetMoteur Member=Component C3 CAP
Added Member To Class: ClassName=ProjetMoteur Member=Component LD1 comment
Added Member To Class: ClassName=ProjetMoteur Member=Component LD2 comment
Added Member To Class: ClassName=ProjetMoteur Member=Component P1 Header 2
Added Member To Class: ClassName=ProjetMoteur Member=Component P? Header 2
Added Member To Class: ClassName=ProjetMoteur Member=Component R3 RES
